<?xml version="1.0" encoding="UTF-8"?>
<testng-results ignored="0" total="3" passed="3" failed="0" skipped="0">
  <reporter-output>
  </reporter-output>
  <suite started-at="2021-10-30T18:05:08 EDT" name="All Test Suite" finished-at="2021-10-30T18:06:23 EDT" duration-ms="74743">
    <groups>
    </groups>
    <test started-at="2021-10-30T18:05:08 EDT" name="Test" finished-at="2021-10-30T18:06:23 EDT" duration-ms="74743">
      <class name="chromeTest3">
        <test-method signature="test3()[pri:0, instance:chromeTest3@6bedbc4d]" started-at="2021-10-30T18:05:35 EDT" name="test3" finished-at="2021-10-30T18:06:05 EDT" duration-ms="30432" status="PASS">
          <reporter-output>
          </reporter-output>
        </test-method> <!-- test3 -->
      </class> <!-- chromeTest3 -->
      <class name="chromeTest2">
        <test-method signature="test2()[pri:0, instance:chromeTest2@57af006c]" started-at="2021-10-30T18:05:35 EDT" name="test2" finished-at="2021-10-30T18:05:54 EDT" duration-ms="19766" status="PASS">
          <reporter-output>
          </reporter-output>
        </test-method> <!-- test2 -->
      </class> <!-- chromeTest2 -->
      <class name="chromeTest1">
        <test-method is-config="true" signature="startDocker()[pri:0, instance:chromeTest1@247d8ae]" started-at="2021-10-30T18:05:08 EDT" name="startDocker" finished-at="2021-10-30T18:05:35 EDT" duration-ms="26565" status="PASS">
          <reporter-output>
          </reporter-output>
        </test-method> <!-- startDocker -->
        <test-method signature="test1()[pri:0, instance:chromeTest1@247d8ae]" started-at="2021-10-30T18:05:35 EDT" name="test1" finished-at="2021-10-30T18:05:56 EDT" duration-ms="21126" status="PASS">
          <reporter-output>
          </reporter-output>
        </test-method> <!-- test1 -->
        <test-method is-config="true" signature="stopDocker()[pri:0, instance:chromeTest1@247d8ae]" started-at="2021-10-30T18:06:05 EDT" name="stopDocker" finished-at="2021-10-30T18:06:23 EDT" duration-ms="17654" status="PASS">
          <reporter-output>
          </reporter-output>
        </test-method> <!-- stopDocker -->
      </class> <!-- chromeTest1 -->
    </test> <!-- Test -->
  </suite> <!-- All Test Suite -->
</testng-results>
